2021-05-03 12:01:39,780 WARN  ClassPathXmlApplicationContext [AbstractApplicationContext.java:596] Exception encountered during context initialization - cancelling refresh attempt: org.springframework.beans.factory.UnsatisfiedDependencyException: Error creating bean with name 'mealService' defined in file [/home/simonov/IdeaProjects/foodcourt/target/classes/service/MealService.class]: Unsatisfied dependency expressed through constructor parameter 0; nested exception is org.springframework.beans.factory.NoSuchBeanDefinitionException: No qualifying bean of type 'repository.MealRepository' available: expected at least 1 bean which qualifies as autowire candidate. Dependency annotations: {}
2021-05-03 12:02:34,862 WARN  ClassPathXmlApplicationContext [AbstractApplicationContext.java:596] Exception encountered during context initialization - cancelling refresh attempt: org.springframework.beans.factory.UnsatisfiedDependencyException: Error creating bean with name 'mealController': Unsatisfied dependency expressed through field 'service'; nested exception is org.springframework.beans.factory.NoSuchBeanDefinitionException: No qualifying bean of type 'service.MealService' available: expected at least 1 bean which qualifies as autowire candidate. Dependency annotations: {@org.springframework.beans.factory.annotation.Autowired(required=true)}
2021-05-09 11:39:43,143 WARN  ClassPathXmlApplicationContext [AbstractApplicationContext.java:591] Exception encountered during context initialization - cancelling refresh attempt: org.springframework.beans.factory.UnsatisfiedDependencyException: Error creating bean with name 'mealDataJpa' defined in file [/home/simonov/IdeaProjects/foodcourt/target/classes/repository/datajpa/mealImpl/MealDataJpa.class]: Unsatisfied dependency expressed through constructor parameter 0; nested exception is org.springframework.beans.factory.NoSuchBeanDefinitionException: No qualifying bean of type 'repository.datajpa.mealImpl.CrudMealRepository' available: expected at least 1 bean which qualifies as autowire candidate. Dependency annotations: {}
2021-05-09 11:45:27,702 WARN  ClassPathXmlApplicationContext [AbstractApplicationContext.java:591] Exception encountered during context initialization - cancelling refresh attempt: org.springframework.beans.factory.UnsatisfiedDependencyException: Error creating bean with name 'mealDataJpa' defined in file [/home/simonov/IdeaProjects/foodcourt/target/classes/repository/datajpa/mealImpl/MealDataJpa.class]: Unsatisfied dependency expressed through constructor parameter 0; nested exception is org.springframework.beans.factory.NoSuchBeanDefinitionException: No qualifying bean of type 'repository.datajpa.mealImpl.CrudMealRepository' available: expected at least 1 bean which qualifies as autowire candidate. Dependency annotations: {}
2021-05-09 11:46:29,389 WARN  ClassPathXmlApplicationContext [AbstractApplicationContext.java:591] Exception encountered during context initialization - cancelling refresh attempt: org.springframework.beans.factory.UnsatisfiedDependencyException: Error creating bean with name 'mealDataJpa' defined in file [/home/simonov/IdeaProjects/foodcourt/target/classes/repository/datajpa/mealImpl/MealDataJpa.class]: Unsatisfied dependency expressed through constructor parameter 0; nested exception is org.springframework.beans.factory.NoSuchBeanDefinitionException: No qualifying bean of type 'repository.datajpa.mealImpl.CrudMealRepository' available: expected at least 1 bean which qualifies as autowire candidate. Dependency annotations: {}
2021-05-09 11:47:44,822 WARN  ClassPathXmlApplicationContext [AbstractApplicationContext.java:591] Exception encountered during context initialization - cancelling refresh attempt: org.springframework.beans.factory.UnsatisfiedDependencyException: Error creating bean with name 'mealDataJpa' defined in file [/home/simonov/IdeaProjects/foodcourt/target/classes/repository/datajpa/mealImpl/MealDataJpa.class]: Unsatisfied dependency expressed through constructor parameter 0; nested exception is org.springframework.beans.factory.NoSuchBeanDefinitionException: No qualifying bean of type 'repository.datajpa.mealImpl.CrudMealRepository' available: expected at least 1 bean which qualifies as autowire candidate. Dependency annotations: {}
2021-05-09 12:22:01,976 WARN  ClassPathXmlApplicationContext [AbstractApplicationContext.java:591] Exception encountered during context initialization - cancelling refresh attempt: org.springframework.beans.factory.UnsatisfiedDependencyException: Error creating bean with name 'mealDataJpa' defined in file [/home/simonov/IdeaProjects/foodcourt/target/classes/repository/datajpa/mealImpl/MealDataJpa.class]: Unsatisfied dependency expressed through constructor parameter 0; nested exception is org.springframework.beans.factory.NoSuchBeanDefinitionException: No qualifying bean of type 'repository.datajpa.mealImpl.CrudMealRepository' available: expected at least 1 bean which qualifies as autowire candidate. Dependency annotations: {}
2021-05-09 12:28:47,781 WARN  ClassPathXmlApplicationContext [AbstractApplicationContext.java:591] Exception encountered during context initialization - cancelling refresh attempt: org.springframework.beans.factory.UnsatisfiedDependencyException: Error creating bean with name 'mealService' defined in file [/home/simonov/IdeaProjects/foodcourt/target/classes/service/MealService.class]: Unsatisfied dependency expressed through constructor parameter 0; nested exception is org.springframework.beans.factory.NoSuchBeanDefinitionException: No qualifying bean of type 'repository.MealRepository' available: expected at least 1 bean which qualifies as autowire candidate. Dependency annotations: {}
2021-05-09 12:30:46,958 WARN  ClassPathXmlApplicationContext [AbstractApplicationContext.java:591] Exception encountered during context initialization - cancelling refresh attempt: org.springframework.beans.factory.UnsatisfiedDependencyException: Error creating bean with name 'mealService' defined in file [/home/simonov/IdeaProjects/foodcourt/target/classes/service/MealService.class]: Unsatisfied dependency expressed through constructor parameter 0; nested exception is org.springframework.beans.factory.NoSuchBeanDefinitionException: No qualifying bean of type 'repository.MealRepository' available: expected at least 1 bean which qualifies as autowire candidate. Dependency annotations: {}
2021-05-09 12:50:03,176 WARN  ClassPathXmlApplicationContext [AbstractApplicationContext.java:591] Exception encountered during context initialization - cancelling refresh attempt: org.springframework.beans.factory.UnsatisfiedDependencyException: Error creating bean with name 'mealDataJpa' defined in file [/home/simonov/IdeaProjects/foodcourt/target/classes/repository/datajpa/mealImpl/MealDataJpa.class]: Unsatisfied dependency expressed through constructor parameter 0; nested exception is org.springframework.beans.factory.NoSuchBeanDefinitionException: No qualifying bean of type 'repository.datajpa.mealImpl.CrudMealRepository' available: expected at least 1 bean which qualifies as autowire candidate. Dependency annotations: {}
2021-05-09 12:56:45,258 WARN  ClassPathXmlApplicationContext [AbstractApplicationContext.java:591] Exception encountered during context initialization - cancelling refresh attempt: org.springframework.beans.factory.UnsatisfiedDependencyException: Error creating bean with name 'mealDataJpa' defined in file [/home/simonov/IdeaProjects/foodcourt/target/classes/repository/datajpa/mealImpl/MealDataJpa.class]: Unsatisfied dependency expressed through constructor parameter 0; nested exception is org.springframework.beans.factory.NoSuchBeanDefinitionException: No qualifying bean of type 'repository.datajpa.mealImpl.CrudMealRepository' available: expected at least 1 bean which qualifies as autowire candidate. Dependency annotations: {}
2021-05-09 13:31:15,979 INFO  RepositoryConfigurationDelegate [RepositoryConfigurationDelegate.java:132] Bootstrapping Spring Data JPA repositories in DEFAULT mode.
2021-05-09 13:31:16,299 INFO  RepositoryConfigurationDelegate [RepositoryConfigurationDelegate.java:201] Finished Spring Data repository scanning in 268 ms. Found 4 JPA repository interfaces.
2021-05-09 13:31:17,385 INFO  LogHelper [LogHelper.java:31] HHH000204: Processing PersistenceUnitInfo [name: default]
2021-05-09 13:31:17,694 INFO  Version [Version.java:44] HHH000412: Hibernate ORM core version 5.4.28.Final
2021-05-09 13:31:18,202 INFO  Version [JavaReflectionManager.java:56] HCANN000001: Hibernate Commons Annotations {5.1.2.Final}
2021-05-09 13:31:19,634 INFO  Dialect [Dialect.java:175] HHH000400: Using dialect: org.hibernate.dialect.HSQLDialect
2021-05-09 13:31:19,942 ERROR LocalContainerEntityManagerFactoryBean [AbstractEntityManagerFactoryBean.java:426] Failed to initialize JPA EntityManagerFactory: Collections having FK in secondary table
2021-05-09 13:31:19,943 WARN  GenericXmlApplicationContext [AbstractApplicationContext.java:591] Exception encountered during context initialization - cancelling refresh attempt: org.springframework.beans.factory.BeanCreationException: Error creating bean with name 'entityManagerFactory' defined in class path resource [spring/spring-db.xml]: Invocation of init method failed; nested exception is org.hibernate.cfg.NotYetImplementedException: Collections having FK in secondary table
2021-05-09 13:35:36,203 INFO  RepositoryConfigurationDelegate [RepositoryConfigurationDelegate.java:132] Bootstrapping Spring Data JPA repositories in DEFAULT mode.
2021-05-09 13:35:36,384 INFO  RepositoryConfigurationDelegate [RepositoryConfigurationDelegate.java:201] Finished Spring Data repository scanning in 153 ms. Found 4 JPA repository interfaces.
2021-05-09 13:39:40,290 INFO  RepositoryConfigurationDelegate [RepositoryConfigurationDelegate.java:132] Bootstrapping Spring Data JPA repositories in DEFAULT mode.
2021-05-09 13:39:40,450 INFO  RepositoryConfigurationDelegate [RepositoryConfigurationDelegate.java:201] Finished Spring Data repository scanning in 118 ms. Found 1 JPA repository interfaces.
2021-05-09 13:39:40,820 INFO  LogHelper [LogHelper.java:31] HHH000204: Processing PersistenceUnitInfo [name: default]
2021-05-09 13:39:40,859 INFO  Version [Version.java:44] HHH000412: Hibernate ORM core version 5.4.28.Final
2021-05-09 13:39:40,959 INFO  Version [JavaReflectionManager.java:56] HCANN000001: Hibernate Commons Annotations {5.1.2.Final}
2021-05-09 13:39:41,563 INFO  Dialect [Dialect.java:175] HHH000400: Using dialect: org.hibernate.dialect.HSQLDialect
2021-05-09 13:39:41,912 ERROR LocalContainerEntityManagerFactoryBean [AbstractEntityManagerFactoryBean.java:426] Failed to initialize JPA EntityManagerFactory: Collections having FK in secondary table
2021-05-09 13:39:41,913 WARN  GenericXmlApplicationContext [AbstractApplicationContext.java:591] Exception encountered during context initialization - cancelling refresh attempt: org.springframework.beans.factory.BeanCreationException: Error creating bean with name 'entityManagerFactory' defined in class path resource [spring/spring-db.xml]: Invocation of init method failed; nested exception is org.hibernate.cfg.NotYetImplementedException: Collections having FK in secondary table
2021-05-09 13:41:59,315 INFO  RepositoryConfigurationDelegate [RepositoryConfigurationDelegate.java:132] Bootstrapping Spring Data JPA repositories in DEFAULT mode.
2021-05-09 13:41:59,540 INFO  RepositoryConfigurationDelegate [RepositoryConfigurationDelegate.java:201] Finished Spring Data repository scanning in 178 ms. Found 4 JPA repository interfaces.
2021-05-09 13:41:59,919 INFO  LogHelper [LogHelper.java:31] HHH000204: Processing PersistenceUnitInfo [name: default]
2021-05-09 13:41:59,970 INFO  Version [Version.java:44] HHH000412: Hibernate ORM core version 5.4.28.Final
2021-05-09 13:42:00,088 INFO  Version [JavaReflectionManager.java:56] HCANN000001: Hibernate Commons Annotations {5.1.2.Final}
2021-05-09 13:42:00,790 INFO  Dialect [Dialect.java:175] HHH000400: Using dialect: org.hibernate.dialect.HSQLDialect
2021-05-09 13:42:01,213 ERROR LocalContainerEntityManagerFactoryBean [AbstractEntityManagerFactoryBean.java:426] Failed to initialize JPA EntityManagerFactory: Collections having FK in secondary table
2021-05-09 13:42:01,214 WARN  GenericXmlApplicationContext [AbstractApplicationContext.java:591] Exception encountered during context initialization - cancelling refresh attempt: org.springframework.beans.factory.BeanCreationException: Error creating bean with name 'entityManagerFactory' defined in class path resource [spring/spring-db.xml]: Invocation of init method failed; nested exception is org.hibernate.cfg.NotYetImplementedException: Collections having FK in secondary table
2021-05-09 13:50:50,134 INFO  RepositoryConfigurationDelegate [RepositoryConfigurationDelegate.java:132] Bootstrapping Spring Data JPA repositories in DEFAULT mode.
2021-05-09 13:50:50,308 INFO  RepositoryConfigurationDelegate [RepositoryConfigurationDelegate.java:201] Finished Spring Data repository scanning in 151 ms. Found 1 JPA repository interfaces.
2021-05-09 13:50:50,696 INFO  LogHelper [LogHelper.java:31] HHH000204: Processing PersistenceUnitInfo [name: default]
2021-05-09 13:50:50,742 INFO  Version [Version.java:44] HHH000412: Hibernate ORM core version 5.4.28.Final
2021-05-09 13:50:50,843 INFO  Version [JavaReflectionManager.java:56] HCANN000001: Hibernate Commons Annotations {5.1.2.Final}
2021-05-09 13:50:51,483 INFO  Dialect [Dialect.java:175] HHH000400: Using dialect: org.hibernate.dialect.HSQLDialect
2021-05-09 13:50:51,715 ERROR LocalContainerEntityManagerFactoryBean [AbstractEntityManagerFactoryBean.java:426] Failed to initialize JPA EntityManagerFactory: Collections having FK in secondary table
2021-05-09 13:50:51,716 WARN  GenericXmlApplicationContext [AbstractApplicationContext.java:591] Exception encountered during context initialization - cancelling refresh attempt: org.springframework.beans.factory.BeanCreationException: Error creating bean with name 'entityManagerFactory' defined in class path resource [spring/spring-db.xml]: Invocation of init method failed; nested exception is org.hibernate.cfg.NotYetImplementedException: Collections having FK in secondary table
2021-05-09 13:51:11,430 INFO  RepositoryConfigurationDelegate [RepositoryConfigurationDelegate.java:132] Bootstrapping Spring Data JPA repositories in DEFAULT mode.
2021-05-09 13:51:11,572 INFO  RepositoryConfigurationDelegate [RepositoryConfigurationDelegate.java:201] Finished Spring Data repository scanning in 117 ms. Found 1 JPA repository interfaces.
2021-05-09 13:52:24,706 INFO  RepositoryConfigurationDelegate [RepositoryConfigurationDelegate.java:132] Bootstrapping Spring Data JPA repositories in DEFAULT mode.
2021-05-09 13:52:24,906 INFO  RepositoryConfigurationDelegate [RepositoryConfigurationDelegate.java:201] Finished Spring Data repository scanning in 177 ms. Found 1 JPA repository interfaces.
2021-05-09 13:52:25,235 INFO  LogHelper [LogHelper.java:31] HHH000204: Processing PersistenceUnitInfo [name: default]
2021-05-09 13:52:25,288 INFO  Version [Version.java:44] HHH000412: Hibernate ORM core version 5.4.28.Final
2021-05-09 13:52:25,395 INFO  Version [JavaReflectionManager.java:56] HCANN000001: Hibernate Commons Annotations {5.1.2.Final}
2021-05-09 13:52:25,979 INFO  Dialect [Dialect.java:175] HHH000400: Using dialect: org.hibernate.dialect.HSQLDialect
2021-05-09 13:52:26,291 ERROR LocalContainerEntityManagerFactoryBean [AbstractEntityManagerFactoryBean.java:426] Failed to initialize JPA EntityManagerFactory: Collections having FK in secondary table
2021-05-09 13:52:26,292 WARN  GenericXmlApplicationContext [AbstractApplicationContext.java:591] Exception encountered during context initialization - cancelling refresh attempt: org.springframework.beans.factory.BeanCreationException: Error creating bean with name 'entityManagerFactory' defined in class path resource [spring/spring-db.xml]: Invocation of init method failed; nested exception is org.hibernate.cfg.NotYetImplementedException: Collections having FK in secondary table
2021-05-09 13:52:48,947 INFO  RepositoryConfigurationDelegate [RepositoryConfigurationDelegate.java:132] Bootstrapping Spring Data JPA repositories in DEFAULT mode.
2021-05-09 13:52:49,132 INFO  RepositoryConfigurationDelegate [RepositoryConfigurationDelegate.java:201] Finished Spring Data repository scanning in 157 ms. Found 1 JPA repository interfaces.
2021-05-09 13:53:35,556 INFO  LogHelper [LogHelper.java:31] HHH000204: Processing PersistenceUnitInfo [name: default]
2021-05-09 13:53:35,821 INFO  Version [Version.java:44] HHH000412: Hibernate ORM core version 5.4.28.Final
2021-05-09 13:53:36,506 INFO  Version [JavaReflectionManager.java:56] HCANN000001: Hibernate Commons Annotations {5.1.2.Final}
2021-05-09 13:53:39,053 INFO  Dialect [Dialect.java:175] HHH000400: Using dialect: org.hibernate.dialect.HSQLDialect
2021-05-09 13:53:40,141 ERROR LocalContainerEntityManagerFactoryBean [AbstractEntityManagerFactoryBean.java:426] Failed to initialize JPA EntityManagerFactory: Collections having FK in secondary table
2021-05-09 13:53:40,145 WARN  GenericXmlApplicationContext [AbstractApplicationContext.java:591] Exception encountered during context initialization - cancelling refresh attempt: org.springframework.beans.factory.BeanCreationException: Error creating bean with name 'entityManagerFactory' defined in class path resource [spring/spring-db.xml]: Invocation of init method failed; nested exception is org.hibernate.cfg.NotYetImplementedException: Collections having FK in secondary table
2021-05-09 13:54:54,865 INFO  RepositoryConfigurationDelegate [RepositoryConfigurationDelegate.java:132] Bootstrapping Spring Data JPA repositories in DEFAULT mode.
2021-05-09 13:54:55,007 INFO  RepositoryConfigurationDelegate [RepositoryConfigurationDelegate.java:201] Finished Spring Data repository scanning in 105 ms. Found 1 JPA repository interfaces.
2021-05-09 13:54:55,402 INFO  LogHelper [LogHelper.java:31] HHH000204: Processing PersistenceUnitInfo [name: default]
2021-05-09 13:54:55,452 INFO  Version [Version.java:44] HHH000412: Hibernate ORM core version 5.4.28.Final
2021-05-09 13:54:55,549 INFO  Version [JavaReflectionManager.java:56] HCANN000001: Hibernate Commons Annotations {5.1.2.Final}
2021-05-09 13:54:56,186 INFO  Dialect [Dialect.java:175] HHH000400: Using dialect: org.hibernate.dialect.HSQLDialect
2021-05-09 13:54:56,548 ERROR LocalContainerEntityManagerFactoryBean [AbstractEntityManagerFactoryBean.java:426] Failed to initialize JPA EntityManagerFactory: Collections having FK in secondary table
2021-05-09 13:54:56,550 WARN  GenericXmlApplicationContext [AbstractApplicationContext.java:591] Exception encountered during context initialization - cancelling refresh attempt: org.springframework.beans.factory.BeanCreationException: Error creating bean with name 'entityManagerFactory' defined in class path resource [spring/spring-db.xml]: Invocation of init method failed; nested exception is org.hibernate.cfg.NotYetImplementedException: Collections having FK in secondary table
2021-05-09 13:55:38,289 INFO  RepositoryConfigurationDelegate [RepositoryConfigurationDelegate.java:132] Bootstrapping Spring Data JPA repositories in DEFAULT mode.
2021-05-09 13:55:38,548 INFO  RepositoryConfigurationDelegate [RepositoryConfigurationDelegate.java:201] Finished Spring Data repository scanning in 236 ms. Found 1 JPA repository interfaces.
2021-05-09 13:55:38,954 INFO  LogHelper [LogHelper.java:31] HHH000204: Processing PersistenceUnitInfo [name: default]
2021-05-09 13:55:39,010 INFO  Version [Version.java:44] HHH000412: Hibernate ORM core version 5.4.28.Final
2021-05-09 13:55:39,114 INFO  Version [JavaReflectionManager.java:56] HCANN000001: Hibernate Commons Annotations {5.1.2.Final}
2021-05-09 13:55:40,185 INFO  Dialect [Dialect.java:175] HHH000400: Using dialect: org.hibernate.dialect.HSQLDialect
2021-05-09 13:55:40,554 INFO  JtaPlatformInitiator [JtaPlatformInitiator.java:52] HHH000490: Using JtaPlatform implementation: [org.hibernate.engine.transaction.jta.platform.internal.NoJtaPlatform]
2021-05-09 13:55:40,564 INFO  LocalContainerEntityManagerFactoryBean [AbstractEntityManagerFactoryBean.java:437] Initialized JPA EntityManagerFactory for persistence unit 'default'
2021-05-09 13:55:40,972 WARN  GenericXmlApplicationContext [AbstractApplicationContext.java:591] Exception encountered during context initialization - cancelling refresh attempt: org.springframework.beans.factory.UnsatisfiedDependencyException: Error creating bean with name 'userDataJpa' defined in file [/home/simonov/IdeaProjects/foodcourt/target/classes/repository/datajpa/userImpl/UserDataJpa.class]: Unsatisfied dependency expressed through constructor parameter 0; nested exception is org.springframework.beans.factory.BeanCreationException: Error creating bean with name 'crudUserRepository' defined in repository.datajpa.mealImpl.CrudUserRepository defined in : Invocation of init method failed; nested exception is java.lang.IllegalArgumentException: Not a managed type: class model.User
2021-05-09 13:55:40,972 INFO  LocalContainerEntityManagerFactoryBean [AbstractEntityManagerFactoryBean.java:651] Closing JPA EntityManagerFactory for persistence unit 'default'
2021-05-09 13:57:18,966 INFO  RepositoryConfigurationDelegate [RepositoryConfigurationDelegate.java:132] Bootstrapping Spring Data JPA repositories in DEFAULT mode.
2021-05-09 13:57:19,179 INFO  RepositoryConfigurationDelegate [RepositoryConfigurationDelegate.java:201] Finished Spring Data repository scanning in 190 ms. Found 4 JPA repository interfaces.
2021-05-09 13:57:19,547 INFO  LogHelper [LogHelper.java:31] HHH000204: Processing PersistenceUnitInfo [name: default]
2021-05-09 13:57:19,606 INFO  Version [Version.java:44] HHH000412: Hibernate ORM core version 5.4.28.Final
2021-05-09 13:57:19,789 INFO  Version [JavaReflectionManager.java:56] HCANN000001: Hibernate Commons Annotations {5.1.2.Final}
2021-05-09 13:57:20,411 INFO  Dialect [Dialect.java:175] HHH000400: Using dialect: org.hibernate.dialect.HSQLDialect
2021-05-09 13:57:20,723 INFO  JtaPlatformInitiator [JtaPlatformInitiator.java:52] HHH000490: Using JtaPlatform implementation: [org.hibernate.engine.transaction.jta.platform.internal.NoJtaPlatform]
2021-05-09 13:57:20,731 INFO  LocalContainerEntityManagerFactoryBean [AbstractEntityManagerFactoryBean.java:437] Initialized JPA EntityManagerFactory for persistence unit 'default'
2021-05-09 13:57:20,996 WARN  GenericXmlApplicationContext [AbstractApplicationContext.java:591] Exception encountered during context initialization - cancelling refresh attempt: org.springframework.beans.factory.UnsatisfiedDependencyException: Error creating bean with name 'mealDataJpa' defined in file [/home/simonov/IdeaProjects/foodcourt/target/classes/repository/datajpa/mealImpl/MealDataJpa.class]: Unsatisfied dependency expressed through constructor parameter 0; nested exception is org.springframework.beans.factory.BeanCreationException: Error creating bean with name 'crudMealRepository' defined in repository.datajpa.mealImpl.CrudMealRepository defined in : Invocation of init method failed; nested exception is java.lang.IllegalArgumentException: Not a managed type: class model.Meal
2021-05-09 13:57:20,997 INFO  LocalContainerEntityManagerFactoryBean [AbstractEntityManagerFactoryBean.java:651] Closing JPA EntityManagerFactory for persistence unit 'default'
2021-05-09 13:58:44,093 INFO  RepositoryConfigurationDelegate [RepositoryConfigurationDelegate.java:132] Bootstrapping Spring Data JPA repositories in DEFAULT mode.
2021-05-09 13:58:44,388 INFO  RepositoryConfigurationDelegate [RepositoryConfigurationDelegate.java:201] Finished Spring Data repository scanning in 269 ms. Found 4 JPA repository interfaces.
2021-05-09 13:58:44,767 INFO  LogHelper [LogHelper.java:31] HHH000204: Processing PersistenceUnitInfo [name: default]
2021-05-09 13:58:44,817 INFO  Version [Version.java:44] HHH000412: Hibernate ORM core version 5.4.28.Final
2021-05-09 13:58:44,921 INFO  Version [JavaReflectionManager.java:56] HCANN000001: Hibernate Commons Annotations {5.1.2.Final}
2021-05-09 13:58:45,643 INFO  Dialect [Dialect.java:175] HHH000400: Using dialect: org.hibernate.dialect.HSQLDialect
2021-05-09 13:58:46,032 INFO  JtaPlatformInitiator [JtaPlatformInitiator.java:52] HHH000490: Using JtaPlatform implementation: [org.hibernate.engine.transaction.jta.platform.internal.NoJtaPlatform]
2021-05-09 13:58:46,042 INFO  LocalContainerEntityManagerFactoryBean [AbstractEntityManagerFactoryBean.java:437] Initialized JPA EntityManagerFactory for persistence unit 'default'
2021-05-09 13:58:46,279 WARN  GenericXmlApplicationContext [AbstractApplicationContext.java:591] Exception encountered during context initialization - cancelling refresh attempt: org.springframework.beans.factory.UnsatisfiedDependencyException: Error creating bean with name 'mealDataJpa' defined in file [/home/simonov/IdeaProjects/foodcourt/target/classes/repository/datajpa/mealImpl/MealDataJpa.class]: Unsatisfied dependency expressed through constructor parameter 0; nested exception is org.springframework.beans.factory.BeanCreationException: Error creating bean with name 'crudMealRepository' defined in repository.datajpa.mealImpl.CrudMealRepository defined in : Invocation of init method failed; nested exception is java.lang.IllegalArgumentException: Not a managed type: class model.Meal
2021-05-09 13:58:46,279 INFO  LocalContainerEntityManagerFactoryBean [AbstractEntityManagerFactoryBean.java:651] Closing JPA EntityManagerFactory for persistence unit 'default'
2021-05-09 14:15:21,459 INFO  RepositoryConfigurationDelegate [RepositoryConfigurationDelegate.java:132] Bootstrapping Spring Data JPA repositories in DEFAULT mode.
2021-05-09 14:15:21,651 INFO  RepositoryConfigurationDelegate [RepositoryConfigurationDelegate.java:201] Finished Spring Data repository scanning in 166 ms. Found 4 JPA repository interfaces.
2021-05-09 14:15:22,076 INFO  LogHelper [LogHelper.java:31] HHH000204: Processing PersistenceUnitInfo [name: default]
2021-05-09 14:15:22,123 INFO  Version [Version.java:44] HHH000412: Hibernate ORM core version 5.4.28.Final
2021-05-09 14:15:22,243 INFO  Version [JavaReflectionManager.java:56] HCANN000001: Hibernate Commons Annotations {5.1.2.Final}
2021-05-09 14:15:22,890 INFO  Dialect [Dialect.java:175] HHH000400: Using dialect: org.hibernate.dialect.HSQLDialect
2021-05-09 14:15:23,286 ERROR LocalContainerEntityManagerFactoryBean [AbstractEntityManagerFactoryBean.java:426] Failed to initialize JPA EntityManagerFactory: @OneToOne or @ManyToOne on model.Meal.restaurant references an unknown entity: model.Restaurant
2021-05-09 14:15:23,287 WARN  GenericXmlApplicationContext [AbstractApplicationContext.java:591] Exception encountered during context initialization - cancelling refresh attempt: org.springframework.beans.factory.BeanCreationException: Error creating bean with name 'entityManagerFactory' defined in class path resource [spring/spring-db.xml]: Invocation of init method failed; nested exception is org.hibernate.AnnotationException: @OneToOne or @ManyToOne on model.Meal.restaurant references an unknown entity: model.Restaurant
2021-05-09 15:39:42,918 INFO  RepositoryConfigurationDelegate [RepositoryConfigurationDelegate.java:132] Bootstrapping Spring Data JPA repositories in DEFAULT mode.
2021-05-09 15:39:43,139 INFO  RepositoryConfigurationDelegate [RepositoryConfigurationDelegate.java:201] Finished Spring Data repository scanning in 188 ms. Found 1 JPA repository interfaces.
2021-05-09 15:39:43,481 INFO  LogHelper [LogHelper.java:31] HHH000204: Processing PersistenceUnitInfo [name: default]
2021-05-09 15:39:43,533 INFO  Version [Version.java:44] HHH000412: Hibernate ORM core version 5.4.28.Final
2021-05-09 15:39:43,677 INFO  Version [JavaReflectionManager.java:56] HCANN000001: Hibernate Commons Annotations {5.1.2.Final}
2021-05-09 15:39:44,244 INFO  Dialect [Dialect.java:175] HHH000400: Using dialect: org.hibernate.dialect.HSQLDialect
2021-05-09 15:39:44,597 ERROR LocalContainerEntityManagerFactoryBean [AbstractEntityManagerFactoryBean.java:426] Failed to initialize JPA EntityManagerFactory: mappedBy reference an unknown target entity property: model.Meal.roles in model.Dish.meals
2021-05-09 15:39:44,597 WARN  GenericXmlApplicationContext [AbstractApplicationContext.java:591] Exception encountered during context initialization - cancelling refresh attempt: org.springframework.beans.factory.BeanCreationException: Error creating bean with name 'entityManagerFactory' defined in class path resource [spring/spring-db.xml]: Invocation of init method failed; nested exception is org.hibernate.AnnotationException: mappedBy reference an unknown target entity property: model.Meal.roles in model.Dish.meals
2021-05-09 16:15:51,235 INFO  RepositoryConfigurationDelegate [RepositoryConfigurationDelegate.java:132] Bootstrapping Spring Data JPA repositories in DEFAULT mode.
2021-05-09 16:15:51,402 INFO  RepositoryConfigurationDelegate [RepositoryConfigurationDelegate.java:201] Finished Spring Data repository scanning in 143 ms. Found 1 JPA repository interfaces.
2021-05-09 16:15:51,765 INFO  LogHelper [LogHelper.java:31] HHH000204: Processing PersistenceUnitInfo [name: default]
2021-05-09 16:15:51,816 INFO  Version [Version.java:44] HHH000412: Hibernate ORM core version 5.4.28.Final
2021-05-09 16:15:51,950 INFO  Version [JavaReflectionManager.java:56] HCANN000001: Hibernate Commons Annotations {5.1.2.Final}
2021-05-09 16:15:52,601 INFO  Dialect [Dialect.java:175] HHH000400: Using dialect: org.hibernate.dialect.HSQLDialect
2021-05-09 16:15:53,016 ERROR LocalContainerEntityManagerFactoryBean [AbstractEntityManagerFactoryBean.java:426] Failed to initialize JPA EntityManagerFactory: mappedBy reference an unknown target entity property: model.Meal.meals in model.Dish.meals
2021-05-09 16:15:53,017 WARN  GenericXmlApplicationContext [AbstractApplicationContext.java:591] Exception encountered during context initialization - cancelling refresh attempt: org.springframework.beans.factory.BeanCreationException: Error creating bean with name 'entityManagerFactory' defined in class path resource [spring/spring-db.xml]: Invocation of init method failed; nested exception is org.hibernate.AnnotationException: mappedBy reference an unknown target entity property: model.Meal.meals in model.Dish.meals
2021-05-09 16:16:37,948 INFO  RepositoryConfigurationDelegate [RepositoryConfigurationDelegate.java:132] Bootstrapping Spring Data JPA repositories in DEFAULT mode.
2021-05-09 16:16:38,136 INFO  RepositoryConfigurationDelegate [RepositoryConfigurationDelegate.java:201] Finished Spring Data repository scanning in 152 ms. Found 1 JPA repository interfaces.
2021-05-09 16:16:38,531 INFO  LogHelper [LogHelper.java:31] HHH000204: Processing PersistenceUnitInfo [name: default]
2021-05-09 16:16:38,585 INFO  Version [Version.java:44] HHH000412: Hibernate ORM core version 5.4.28.Final
2021-05-09 16:16:38,720 INFO  Version [JavaReflectionManager.java:56] HCANN000001: Hibernate Commons Annotations {5.1.2.Final}
2021-05-09 16:16:39,297 INFO  Dialect [Dialect.java:175] HHH000400: Using dialect: org.hibernate.dialect.HSQLDialect
2021-05-09 16:16:39,620 ERROR LocalContainerEntityManagerFactoryBean [AbstractEntityManagerFactoryBean.java:426] Failed to initialize JPA EntityManagerFactory: mappedBy reference an unknown target entity property: model.Meal.meals_dishes in model.Dish.meals
2021-05-09 16:16:39,621 WARN  GenericXmlApplicationContext [AbstractApplicationContext.java:591] Exception encountered during context initialization - cancelling refresh attempt: org.springframework.beans.factory.BeanCreationException: Error creating bean with name 'entityManagerFactory' defined in class path resource [spring/spring-db.xml]: Invocation of init method failed; nested exception is org.hibernate.AnnotationException: mappedBy reference an unknown target entity property: model.Meal.meals_dishes in model.Dish.meals
2021-05-09 16:18:48,763 INFO  RepositoryConfigurationDelegate [RepositoryConfigurationDelegate.java:132] Bootstrapping Spring Data JPA repositories in DEFAULT mode.
2021-05-09 16:18:48,910 INFO  RepositoryConfigurationDelegate [RepositoryConfigurationDelegate.java:201] Finished Spring Data repository scanning in 110 ms. Found 1 JPA repository interfaces.
2021-05-09 16:18:49,270 INFO  LogHelper [LogHelper.java:31] HHH000204: Processing PersistenceUnitInfo [name: default]
2021-05-09 16:18:49,331 INFO  Version [Version.java:44] HHH000412: Hibernate ORM core version 5.4.28.Final
2021-05-09 16:18:49,473 INFO  Version [JavaReflectionManager.java:56] HCANN000001: Hibernate Commons Annotations {5.1.2.Final}
2021-05-09 16:18:50,069 INFO  Dialect [Dialect.java:175] HHH000400: Using dialect: org.hibernate.dialect.HSQLDialect
2021-05-09 16:18:50,527 ERROR LocalContainerEntityManagerFactoryBean [AbstractEntityManagerFactoryBean.java:426] Failed to initialize JPA EntityManagerFactory: Unable to create unique key constraint (restaurant_id, date) on table meals: database column 'restaurant_id' not found. Make sure that you use the correct column name which depends on the naming strategy in use (it may not be the same as the property name in the entity, especially for relational types)
2021-05-09 16:18:50,528 WARN  GenericXmlApplicationContext [AbstractApplicationContext.java:591] Exception encountered during context initialization - cancelling refresh attempt: org.springframework.beans.factory.BeanCreationException: Error creating bean with name 'entityManagerFactory' defined in class path resource [spring/spring-db.xml]: Invocation of init method failed; nested exception is org.hibernate.AnnotationException: Unable to create unique key constraint (restaurant_id, date) on table meals: database column 'restaurant_id' not found. Make sure that you use the correct column name which depends on the naming strategy in use (it may not be the same as the property name in the entity, especially for relational types)
2021-05-09 16:25:31,346 INFO  RepositoryConfigurationDelegate [RepositoryConfigurationDelegate.java:132] Bootstrapping Spring Data JPA repositories in DEFAULT mode.
2021-05-09 16:25:31,483 INFO  RepositoryConfigurationDelegate [RepositoryConfigurationDelegate.java:201] Finished Spring Data repository scanning in 105 ms. Found 1 JPA repository interfaces.
2021-05-09 16:25:31,840 INFO  LogHelper [LogHelper.java:31] HHH000204: Processing PersistenceUnitInfo [name: default]
2021-05-09 16:25:31,886 INFO  Version [Version.java:44] HHH000412: Hibernate ORM core version 5.4.28.Final
2021-05-09 16:25:31,990 INFO  Version [JavaReflectionManager.java:56] HCANN000001: Hibernate Commons Annotations {5.1.2.Final}
2021-05-09 16:25:32,624 INFO  Dialect [Dialect.java:175] HHH000400: Using dialect: org.hibernate.dialect.HSQLDialect
2021-05-09 16:25:34,315 INFO  JtaPlatformInitiator [JtaPlatformInitiator.java:52] HHH000490: Using JtaPlatform implementation: [org.hibernate.engine.transaction.jta.platform.internal.NoJtaPlatform]
2021-05-09 16:25:34,357 INFO  LocalContainerEntityManagerFactoryBean [AbstractEntityManagerFactoryBean.java:437] Initialized JPA EntityManagerFactory for persistence unit 'default'
2021-05-09 16:25:35,306 WARN  GenericXmlApplicationContext [AbstractApplicationContext.java:591] Exception encountered during context initialization - cancelling refresh attempt: org.springframework.beans.factory.UnsatisfiedDependencyException: Error creating bean with name 'mealDataJpa' defined in file [/home/simonov/IdeaProjects/foodcourt/target/classes/repository/datajpa/mealImpl/MealDataJpa.class]: Unsatisfied dependency expressed through constructor parameter 0; nested exception is org.springframework.beans.factory.BeanCreationException: Error creating bean with name 'crudMealRepository' defined in repository.datajpa.mealImpl.CrudMealRepository defined in : Invocation of init method failed; nested exception is org.springframework.data.repository.query.QueryCreationException: Could not create query for public abstract model.Meal repository.datajpa.mealImpl.CrudMealRepository.getWithRestaurant(int,int,int)! Reason: Validation failed for query for method public abstract model.Meal repository.datajpa.mealImpl.CrudMealRepository.getWithRestaurant(int,int,int)!; nested exception is java.lang.IllegalArgumentException: Validation failed for query for method public abstract model.Meal repository.datajpa.mealImpl.CrudMealRepository.getWithRestaurant(int,int,int)!
2021-05-09 16:25:35,306 INFO  LocalContainerEntityManagerFactoryBean [AbstractEntityManagerFactoryBean.java:651] Closing JPA EntityManagerFactory for persistence unit 'default'
2021-05-09 16:42:14,825 INFO  RepositoryConfigurationDelegate [RepositoryConfigurationDelegate.java:132] Bootstrapping Spring Data JPA repositories in DEFAULT mode.
2021-05-09 16:42:15,020 INFO  RepositoryConfigurationDelegate [RepositoryConfigurationDelegate.java:201] Finished Spring Data repository scanning in 147 ms. Found 1 JPA repository interfaces.
2021-05-09 16:42:15,377 INFO  LogHelper [LogHelper.java:31] HHH000204: Processing PersistenceUnitInfo [name: default]
2021-05-09 16:42:15,441 INFO  Version [Version.java:44] HHH000412: Hibernate ORM core version 5.4.28.Final
2021-05-09 16:42:15,562 INFO  Version [JavaReflectionManager.java:56] HCANN000001: Hibernate Commons Annotations {5.1.2.Final}
2021-05-09 16:42:16,188 INFO  Dialect [Dialect.java:175] HHH000400: Using dialect: org.hibernate.dialect.HSQLDialect
2021-05-09 16:42:16,873 INFO  JtaPlatformInitiator [JtaPlatformInitiator.java:52] HHH000490: Using JtaPlatform implementation: [org.hibernate.engine.transaction.jta.platform.internal.NoJtaPlatform]
2021-05-09 16:42:16,883 INFO  LocalContainerEntityManagerFactoryBean [AbstractEntityManagerFactoryBean.java:437] Initialized JPA EntityManagerFactory for persistence unit 'default'
2021-05-09 16:42:17,591 WARN  GenericXmlApplicationContext [AbstractApplicationContext.java:591] Exception encountered during context initialization - cancelling refresh attempt: org.springframework.beans.factory.BeanCreationException: Error creating bean with name 'org.springframework.jdbc.datasource.init.DataSourceInitializer#0': Invocation of init method failed; nested exception is org.springframework.jdbc.datasource.init.ScriptStatementFailedException: Failed to execute SQL script statement #6 of class path resource [db/populateDB.sql]: DELETE FROM USER_MEAL; nested exception is java.sql.SQLSyntaxErrorException: user lacks privilege or object not found: USER_MEAL
2021-05-09 16:42:17,592 INFO  LocalContainerEntityManagerFactoryBean [AbstractEntityManagerFactoryBean.java:651] Closing JPA EntityManagerFactory for persistence unit 'default'
2021-05-09 19:36:00,483 INFO  RepositoryConfigurationDelegate [RepositoryConfigurationDelegate.java:132] Bootstrapping Spring Data JPA repositories in DEFAULT mode.
2021-05-09 19:36:01,170 INFO  RepositoryConfigurationDelegate [RepositoryConfigurationDelegate.java:201] Finished Spring Data repository scanning in 610 ms. Found 1 JPA repository interfaces.
2021-05-09 19:36:03,257 INFO  LogHelper [LogHelper.java:31] HHH000204: Processing PersistenceUnitInfo [name: default]
2021-05-09 19:36:04,215 INFO  Version [Version.java:44] HHH000412: Hibernate ORM core version 5.4.28.Final
2021-05-09 19:36:05,384 INFO  Version [JavaReflectionManager.java:56] HCANN000001: Hibernate Commons Annotations {5.1.2.Final}
2021-05-09 19:36:07,784 INFO  Dialect [Dialect.java:175] HHH000400: Using dialect: org.hibernate.dialect.HSQLDialect
2021-05-09 19:36:08,844 INFO  JtaPlatformInitiator [JtaPlatformInitiator.java:52] HHH000490: Using JtaPlatform implementation: [org.hibernate.engine.transaction.jta.platform.internal.NoJtaPlatform]
2021-05-09 19:36:08,852 INFO  LocalContainerEntityManagerFactoryBean [AbstractEntityManagerFactoryBean.java:437] Initialized JPA EntityManagerFactory for persistence unit 'default'
2021-05-09 19:36:09,715 WARN  GenericXmlApplicationContext [AbstractApplicationContext.java:591] Exception encountered during context initialization - cancelling refresh attempt: org.springframework.beans.factory.BeanCreationException: Error creating bean with name 'org.springframework.jdbc.datasource.init.DataSourceInitializer#0': Invocation of init method failed; nested exception is org.springframework.jdbc.datasource.init.ScriptStatementFailedException: Failed to execute SQL script statement #10 of class path resource [db/populateDB.sql]: INSERT INTO MEALS (DATE, RESTAURANT_ID) VALUES ('2021-05-01', 1018), ('2021-05-01', 1016), ('2021-05-02', 1016), ('2021-05-02', 1018), ('2021-05-03', 1017), ('2021-05-03', 1016), ('2021-05-03', 1015), ('2021-05-03', 1018), ('2021-05-04', 1018), ('2021-05-04', 1016), ('2021-05-04', 1017), ('2021-05-05', 1015), ('2021-05-05', 1017), ('2021-05-05', 1018), ('2021-05-05', 1016); nested exception is java.sql.SQLDataException: data exception: invalid datetime format
2021-05-09 19:36:09,716 INFO  LocalContainerEntityManagerFactoryBean [AbstractEntityManagerFactoryBean.java:651] Closing JPA EntityManagerFactory for persistence unit 'default'
2021-05-09 19:42:18,740 INFO  RepositoryConfigurationDelegate [RepositoryConfigurationDelegate.java:132] Bootstrapping Spring Data JPA repositories in DEFAULT mode.
2021-05-09 19:42:18,909 INFO  RepositoryConfigurationDelegate [RepositoryConfigurationDelegate.java:201] Finished Spring Data repository scanning in 132 ms. Found 1 JPA repository interfaces.
2021-05-09 19:42:19,265 INFO  LogHelper [LogHelper.java:31] HHH000204: Processing PersistenceUnitInfo [name: default]
2021-05-09 19:42:19,309 INFO  Version [Version.java:44] HHH000412: Hibernate ORM core version 5.4.28.Final
2021-05-09 19:42:19,444 INFO  Version [JavaReflectionManager.java:56] HCANN000001: Hibernate Commons Annotations {5.1.2.Final}
2021-05-09 19:42:20,011 INFO  Dialect [Dialect.java:175] HHH000400: Using dialect: org.hibernate.dialect.HSQLDialect
2021-05-09 19:42:20,625 INFO  JtaPlatformInitiator [JtaPlatformInitiator.java:52] HHH000490: Using JtaPlatform implementation: [org.hibernate.engine.transaction.jta.platform.internal.NoJtaPlatform]
2021-05-09 19:42:20,632 INFO  LocalContainerEntityManagerFactoryBean [AbstractEntityManagerFactoryBean.java:437] Initialized JPA EntityManagerFactory for persistence unit 'default'
2021-05-09 19:42:21,301 INFO  LocalContainerEntityManagerFactoryBean [AbstractEntityManagerFactoryBean.java:651] Closing JPA EntityManagerFactory for persistence unit 'default'
2021-05-09 20:43:23,620 INFO  RepositoryConfigurationDelegate [RepositoryConfigurationDelegate.java:132] Bootstrapping Spring Data JPA repositories in DEFAULT mode.
2021-05-09 20:43:23,773 INFO  RepositoryConfigurationDelegate [RepositoryConfigurationDelegate.java:201] Finished Spring Data repository scanning in 114 ms. Found 1 JPA repository interfaces.
2021-05-09 20:43:24,169 INFO  LogHelper [LogHelper.java:31] HHH000204: Processing PersistenceUnitInfo [name: default]
2021-05-09 20:43:24,222 INFO  Version [Version.java:44] HHH000412: Hibernate ORM core version 5.4.28.Final
2021-05-09 20:43:24,339 INFO  Version [JavaReflectionManager.java:56] HCANN000001: Hibernate Commons Annotations {5.1.2.Final}
2021-05-09 20:43:25,054 INFO  Dialect [Dialect.java:175] HHH000400: Using dialect: org.hibernate.dialect.HSQLDialect
2021-05-09 20:43:25,330 ERROR LocalContainerEntityManagerFactoryBean [AbstractEntityManagerFactoryBean.java:426] Failed to initialize JPA EntityManagerFactory: @OneToOne or @ManyToOne on model.Meal.restaurant references an unknown entity: model.Restaurant
2021-05-09 20:43:25,331 WARN  GenericXmlApplicationContext [AbstractApplicationContext.java:591] Exception encountered during context initialization - cancelling refresh attempt: org.springframework.beans.factory.BeanCreationException: Error creating bean with name 'entityManagerFactory' defined in class path resource [spring/spring-db.xml]: Invocation of init method failed; nested exception is org.hibernate.AnnotationException: @OneToOne or @ManyToOne on model.Meal.restaurant references an unknown entity: model.Restaurant
2021-05-09 20:49:25,178 INFO  RepositoryConfigurationDelegate [RepositoryConfigurationDelegate.java:132] Bootstrapping Spring Data JPA repositories in DEFAULT mode.
2021-05-09 20:49:25,222 INFO  RepositoryConfigurationDelegate [RepositoryConfigurationDelegate.java:201] Finished Spring Data repository scanning in 21 ms. Found 0 JPA repository interfaces.
2021-05-09 20:49:25,675 INFO  LogHelper [LogHelper.java:31] HHH000204: Processing PersistenceUnitInfo [name: default]
2021-05-09 20:49:25,712 INFO  Version [Version.java:44] HHH000412: Hibernate ORM core version 5.4.28.Final
2021-05-09 20:49:25,857 INFO  Version [JavaReflectionManager.java:56] HCANN000001: Hibernate Commons Annotations {5.1.2.Final}
2021-05-09 20:49:26,541 INFO  Dialect [Dialect.java:175] HHH000400: Using dialect: org.hibernate.dialect.HSQLDialect
2021-05-09 20:49:26,847 ERROR LocalContainerEntityManagerFactoryBean [AbstractEntityManagerFactoryBean.java:426] Failed to initialize JPA EntityManagerFactory: @OneToOne or @ManyToOne on model.Meal.restaurant references an unknown entity: model.Restaurant
2021-05-09 20:49:26,848 WARN  GenericXmlApplicationContext [AbstractApplicationContext.java:591] Exception encountered during context initialization - cancelling refresh attempt: org.springframework.beans.factory.BeanCreationException: Error creating bean with name 'entityManagerFactory' defined in class path resource [spring/spring-db.xml]: Invocation of init method failed; nested exception is org.hibernate.AnnotationException: @OneToOne or @ManyToOne on model.Meal.restaurant references an unknown entity: model.Restaurant
2021-05-09 20:51:56,849 INFO  RepositoryConfigurationDelegate [RepositoryConfigurationDelegate.java:132] Bootstrapping Spring Data JPA repositories in DEFAULT mode.
2021-05-09 20:51:56,913 INFO  RepositoryConfigurationDelegate [RepositoryConfigurationDelegate.java:201] Finished Spring Data repository scanning in 16 ms. Found 0 JPA repository interfaces.
2021-05-09 20:51:57,410 INFO  LogHelper [LogHelper.java:31] HHH000204: Processing PersistenceUnitInfo [name: default]
2021-05-09 20:51:57,469 INFO  Version [Version.java:44] HHH000412: Hibernate ORM core version 5.4.28.Final
2021-05-09 20:51:57,618 INFO  Version [JavaReflectionManager.java:56] HCANN000001: Hibernate Commons Annotations {5.1.2.Final}
2021-05-09 20:51:58,307 INFO  Dialect [Dialect.java:175] HHH000400: Using dialect: org.hibernate.dialect.HSQLDialect
2021-05-09 20:51:58,669 ERROR LocalContainerEntityManagerFactoryBean [AbstractEntityManagerFactoryBean.java:426] Failed to initialize JPA EntityManagerFactory: @OneToOne or @ManyToOne on model.Meal.restaurant references an unknown entity: model.Restaurant
2021-05-09 20:51:58,670 WARN  GenericXmlApplicationContext [AbstractApplicationContext.java:591] Exception encountered during context initialization - cancelling refresh attempt: org.springframework.beans.factory.BeanCreationException: Error creating bean with name 'entityManagerFactory' defined in class path resource [spring/spring-db.xml]: Invocation of init method failed; nested exception is org.hibernate.AnnotationException: @OneToOne or @ManyToOne on model.Meal.restaurant references an unknown entity: model.Restaurant
2021-05-09 20:53:26,756 INFO  RepositoryConfigurationDelegate [RepositoryConfigurationDelegate.java:132] Bootstrapping Spring Data JPA repositories in DEFAULT mode.
2021-05-09 20:53:26,826 INFO  RepositoryConfigurationDelegate [RepositoryConfigurationDelegate.java:201] Finished Spring Data repository scanning in 29 ms. Found 0 JPA repository interfaces.
2021-05-09 20:53:27,317 INFO  LogHelper [LogHelper.java:31] HHH000204: Processing PersistenceUnitInfo [name: default]
2021-05-09 20:53:27,369 INFO  Version [Version.java:44] HHH000412: Hibernate ORM core version 5.4.28.Final
2021-05-09 20:53:27,529 INFO  Version [JavaReflectionManager.java:56] HCANN000001: Hibernate Commons Annotations {5.1.2.Final}
2021-05-09 20:53:28,178 INFO  Dialect [Dialect.java:175] HHH000400: Using dialect: org.hibernate.dialect.HSQLDialect
2021-05-09 20:53:28,449 ERROR LocalContainerEntityManagerFactoryBean [AbstractEntityManagerFactoryBean.java:426] Failed to initialize JPA EntityManagerFactory: @OneToOne or @ManyToOne on model.Meal.restaurant references an unknown entity: model.Restaurant
2021-05-09 20:53:28,450 WARN  GenericXmlApplicationContext [AbstractApplicationContext.java:591] Exception encountered during context initialization - cancelling refresh attempt: org.springframework.beans.factory.BeanCreationException: Error creating bean with name 'entityManagerFactory' defined in class path resource [spring/spring-db.xml]: Invocation of init method failed; nested exception is org.hibernate.AnnotationException: @OneToOne or @ManyToOne on model.Meal.restaurant references an unknown entity: model.Restaurant
2021-05-09 20:55:45,234 INFO  RepositoryConfigurationDelegate [RepositoryConfigurationDelegate.java:132] Bootstrapping Spring Data JPA repositories in DEFAULT mode.
2021-05-09 20:55:45,283 INFO  RepositoryConfigurationDelegate [RepositoryConfigurationDelegate.java:201] Finished Spring Data repository scanning in 27 ms. Found 0 JPA repository interfaces.
2021-05-09 20:55:45,712 INFO  LogHelper [LogHelper.java:31] HHH000204: Processing PersistenceUnitInfo [name: default]
2021-05-09 20:55:45,759 INFO  Version [Version.java:44] HHH000412: Hibernate ORM core version 5.4.28.Final
2021-05-09 20:55:45,869 INFO  Version [JavaReflectionManager.java:56] HCANN000001: Hibernate Commons Annotations {5.1.2.Final}
2021-05-09 20:55:46,522 INFO  Dialect [Dialect.java:175] HHH000400: Using dialect: org.hibernate.dialect.HSQLDialect
2021-05-09 20:55:46,897 INFO  JtaPlatformInitiator [JtaPlatformInitiator.java:52] HHH000490: Using JtaPlatform implementation: [org.hibernate.engine.transaction.jta.platform.internal.NoJtaPlatform]
2021-05-09 20:55:46,906 INFO  LocalContainerEntityManagerFactoryBean [AbstractEntityManagerFactoryBean.java:437] Initialized JPA EntityManagerFactory for persistence unit 'default'
2021-05-09 20:55:47,168 INFO  LocalContainerEntityManagerFactoryBean [AbstractEntityManagerFactoryBean.java:651] Closing JPA EntityManagerFactory for persistence unit 'default'
2021-05-09 21:00:41,040 INFO  RepositoryConfigurationDelegate [RepositoryConfigurationDelegate.java:132] Bootstrapping Spring Data JPA repositories in DEFAULT mode.
2021-05-09 21:00:41,230 INFO  RepositoryConfigurationDelegate [RepositoryConfigurationDelegate.java:201] Finished Spring Data repository scanning in 167 ms. Found 2 JPA repository interfaces.
2021-05-09 21:00:41,567 INFO  LogHelper [LogHelper.java:31] HHH000204: Processing PersistenceUnitInfo [name: default]
2021-05-09 21:00:41,616 INFO  Version [Version.java:44] HHH000412: Hibernate ORM core version 5.4.28.Final
2021-05-09 21:00:41,728 INFO  Version [JavaReflectionManager.java:56] HCANN000001: Hibernate Commons Annotations {5.1.2.Final}
2021-05-09 21:00:42,330 INFO  Dialect [Dialect.java:175] HHH000400: Using dialect: org.hibernate.dialect.HSQLDialect
2021-05-09 21:00:43,037 INFO  JtaPlatformInitiator [JtaPlatformInitiator.java:52] HHH000490: Using JtaPlatform implementation: [org.hibernate.engine.transaction.jta.platform.internal.NoJtaPlatform]
2021-05-09 21:00:43,045 INFO  LocalContainerEntityManagerFactoryBean [AbstractEntityManagerFactoryBean.java:437] Initialized JPA EntityManagerFactory for persistence unit 'default'
2021-05-09 21:00:43,073 WARN  GenericXmlApplicationContext [AbstractApplicationContext.java:591] Exception encountered during context initialization - cancelling refresh attempt: org.springframework.beans.factory.UnsatisfiedDependencyException: Error creating bean with name 'mealDataJpa' defined in file [/home/simonov/IdeaProjects/foodcourt/target/classes/repository/MealDataJpa.class]: Unsatisfied dependency expressed through constructor parameter 0; nested exception is org.springframework.beans.factory.NoSuchBeanDefinitionException: No qualifying bean of type 'repository.datajpa.mealImpl.CrudMealRepository' available: expected at least 1 bean which qualifies as autowire candidate. Dependency annotations: {}
2021-05-09 21:00:43,073 INFO  LocalContainerEntityManagerFactoryBean [AbstractEntityManagerFactoryBean.java:651] Closing JPA EntityManagerFactory for persistence unit 'default'
2021-05-09 21:01:52,255 INFO  RepositoryConfigurationDelegate [RepositoryConfigurationDelegate.java:132] Bootstrapping Spring Data JPA repositories in DEFAULT mode.
2021-05-09 21:01:52,438 INFO  RepositoryConfigurationDelegate [RepositoryConfigurationDelegate.java:201] Finished Spring Data repository scanning in 160 ms. Found 4 JPA repository interfaces.
2021-05-09 21:01:52,804 INFO  LogHelper [LogHelper.java:31] HHH000204: Processing PersistenceUnitInfo [name: default]
2021-05-09 21:01:52,865 INFO  Version [Version.java:44] HHH000412: Hibernate ORM core version 5.4.28.Final
2021-05-09 21:01:53,007 INFO  Version [JavaReflectionManager.java:56] HCANN000001: Hibernate Commons Annotations {5.1.2.Final}
2021-05-09 21:01:53,630 INFO  Dialect [Dialect.java:175] HHH000400: Using dialect: org.hibernate.dialect.HSQLDialect
2021-05-09 21:01:54,259 INFO  JtaPlatformInitiator [JtaPlatformInitiator.java:52] HHH000490: Using JtaPlatform implementation: [org.hibernate.engine.transaction.jta.platform.internal.NoJtaPlatform]
2021-05-09 21:01:54,266 INFO  LocalContainerEntityManagerFactoryBean [AbstractEntityManagerFactoryBean.java:437] Initialized JPA EntityManagerFactory for persistence unit 'default'
2021-05-09 21:01:54,777 WARN  GenericXmlApplicationContext [AbstractApplicationContext.java:591] Exception encountered during context initialization - cancelling refresh attempt: org.springframework.beans.factory.UnsatisfiedDependencyException: Error creating bean with name 'mealDataJpa' defined in file [/home/simonov/IdeaProjects/foodcourt/target/classes/repository/MealDataJpa.class]: Unsatisfied dependency expressed through constructor parameter 1; nested exception is org.springframework.beans.factory.BeanCreationException: Error creating bean with name 'crudRestaurantRepository' defined in repository.datajpa.mealImpl.CrudRestaurantRepository defined in : Invocation of init method failed; nested exception is org.springframework.data.repository.query.QueryCreationException: Could not create query for public abstract int repository.datajpa.mealImpl.CrudRestaurantRepository.delete(int,int)! Reason: Validation failed for query for method public abstract int repository.datajpa.mealImpl.CrudRestaurantRepository.delete(int,int)!; nested exception is java.lang.IllegalArgumentException: Validation failed for query for method public abstract int repository.datajpa.mealImpl.CrudRestaurantRepository.delete(int,int)!
2021-05-09 21:01:54,777 INFO  LocalContainerEntityManagerFactoryBean [AbstractEntityManagerFactoryBean.java:651] Closing JPA EntityManagerFactory for persistence unit 'default'
2021-05-09 21:24:04,134 INFO  RepositoryConfigurationDelegate [RepositoryConfigurationDelegate.java:132] Bootstrapping Spring Data JPA repositories in DEFAULT mode.
2021-05-09 21:24:04,394 INFO  RepositoryConfigurationDelegate [RepositoryConfigurationDelegate.java:201] Finished Spring Data repository scanning in 224 ms. Found 4 JPA repository interfaces.
2021-05-09 21:24:05,357 INFO  LogHelper [LogHelper.java:31] HHH000204: Processing PersistenceUnitInfo [name: default]
2021-05-09 21:24:05,701 INFO  Version [Version.java:44] HHH000412: Hibernate ORM core version 5.4.28.Final
2021-05-09 21:24:06,158 INFO  Version [JavaReflectionManager.java:56] HCANN000001: Hibernate Commons Annotations {5.1.2.Final}
2021-05-09 21:24:07,438 INFO  Dialect [Dialect.java:175] HHH000400: Using dialect: org.hibernate.dialect.HSQLDialect
2021-05-09 21:24:08,338 INFO  JtaPlatformInitiator [JtaPlatformInitiator.java:52] HHH000490: Using JtaPlatform implementation: [org.hibernate.engine.transaction.jta.platform.internal.NoJtaPlatform]
2021-05-09 21:24:08,345 INFO  LocalContainerEntityManagerFactoryBean [AbstractEntityManagerFactoryBean.java:437] Initialized JPA EntityManagerFactory for persistence unit 'default'
2021-05-09 21:24:09,334 WARN  GenericXmlApplicationContext [AbstractApplicationContext.java:591] Exception encountered during context initialization - cancelling refresh attempt: org.springframework.beans.factory.UnsatisfiedDependencyException: Error creating bean with name 'mealDataJpa' defined in file [/home/simonov/IdeaProjects/foodcourt/target/classes/repository/MealDataJpa.class]: Unsatisfied dependency expressed through constructor parameter 1; nested exception is org.springframework.beans.factory.BeanCreationException: Error creating bean with name 'crudRestaurantRepository' defined in repository.datajpa.mealImpl.CrudRestaurantRepository defined in : Invocation of init method failed; nested exception is org.springframework.data.repository.query.QueryCreationException: Could not create query for public abstract int repository.datajpa.mealImpl.CrudRestaurantRepository.deleteRestaurantByIdAndCreatorId(int,int)! Reason: Failed to create query for method public abstract int repository.datajpa.mealImpl.CrudRestaurantRepository.deleteRestaurantByIdAndCreatorId(int,int)! No property creatorId found for type Restaurant!; nested exception is java.lang.IllegalArgumentException: Failed to create query for method public abstract int repository.datajpa.mealImpl.CrudRestaurantRepository.deleteRestaurantByIdAndCreatorId(int,int)! No property creatorId found for type Restaurant!
2021-05-09 21:24:09,335 INFO  LocalContainerEntityManagerFactoryBean [AbstractEntityManagerFactoryBean.java:651] Closing JPA EntityManagerFactory for persistence unit 'default'
2021-05-09 22:15:08,904 INFO  RepositoryConfigurationDelegate [RepositoryConfigurationDelegate.java:132] Bootstrapping Spring Data JPA repositories in DEFAULT mode.
2021-05-09 22:15:09,598 INFO  RepositoryConfigurationDelegate [RepositoryConfigurationDelegate.java:201] Finished Spring Data repository scanning in 578 ms. Found 4 JPA repository interfaces.
2021-05-09 22:15:10,768 INFO  LogHelper [LogHelper.java:31] HHH000204: Processing PersistenceUnitInfo [name: default]
2021-05-09 22:15:11,186 INFO  Version [Version.java:44] HHH000412: Hibernate ORM core version 5.4.28.Final
2021-05-09 22:15:11,793 INFO  Version [JavaReflectionManager.java:56] HCANN000001: Hibernate Commons Annotations {5.1.2.Final}
2021-05-09 22:15:14,175 INFO  Dialect [Dialect.java:175] HHH000400: Using dialect: org.hibernate.dialect.HSQLDialect
2021-05-09 22:15:15,110 INFO  JtaPlatformInitiator [JtaPlatformInitiator.java:52] HHH000490: Using JtaPlatform implementation: [org.hibernate.engine.transaction.jta.platform.internal.NoJtaPlatform]
2021-05-09 22:15:15,117 INFO  LocalContainerEntityManagerFactoryBean [AbstractEntityManagerFactoryBean.java:437] Initialized JPA EntityManagerFactory for persistence unit 'default'
2021-05-09 22:15:16,207 WARN  GenericXmlApplicationContext [AbstractApplicationContext.java:591] Exception encountered during context initialization - cancelling refresh attempt: org.springframework.beans.factory.BeanCreationException: Error creating bean with name 'crudVoteRepository' defined in repository.datajpa.mealImpl.CrudVoteRepository defined in : Invocation of init method failed; nested exception is java.lang.IllegalArgumentException: Not a managed type: class model.Vote
2021-05-09 22:15:16,243 INFO  LocalContainerEntityManagerFactoryBean [AbstractEntityManagerFactoryBean.java:651] Closing JPA EntityManagerFactory for persistence unit 'default'
2021-05-09 22:19:36,765 INFO  RepositoryConfigurationDelegate [RepositoryConfigurationDelegate.java:132] Bootstrapping Spring Data JPA repositories in DEFAULT mode.
2021-05-09 22:19:36,944 INFO  RepositoryConfigurationDelegate [RepositoryConfigurationDelegate.java:201] Finished Spring Data repository scanning in 152 ms. Found 2 JPA repository interfaces.
2021-05-09 22:19:37,380 INFO  LogHelper [LogHelper.java:31] HHH000204: Processing PersistenceUnitInfo [name: default]
2021-05-09 22:19:37,441 INFO  Version [Version.java:44] HHH000412: Hibernate ORM core version 5.4.28.Final
2021-05-09 22:19:37,561 INFO  Version [JavaReflectionManager.java:56] HCANN000001: Hibernate Commons Annotations {5.1.2.Final}
2021-05-09 22:19:38,193 INFO  Dialect [Dialect.java:175] HHH000400: Using dialect: org.hibernate.dialect.HSQLDialect
2021-05-09 22:19:38,867 INFO  JtaPlatformInitiator [JtaPlatformInitiator.java:52] HHH000490: Using JtaPlatform implementation: [org.hibernate.engine.transaction.jta.platform.internal.NoJtaPlatform]
2021-05-09 22:19:38,875 INFO  LocalContainerEntityManagerFactoryBean [AbstractEntityManagerFactoryBean.java:437] Initialized JPA EntityManagerFactory for persistence unit 'default'
2021-05-09 22:19:39,722 INFO  LocalContainerEntityManagerFactoryBean [AbstractEntityManagerFactoryBean.java:651] Closing JPA EntityManagerFactory for persistence unit 'default'
2021-05-09 23:08:52,011 INFO  RepositoryConfigurationDelegate [RepositoryConfigurationDelegate.java:132] Bootstrapping Spring Data JPA repositories in DEFAULT mode.
2021-05-09 23:08:52,207 INFO  RepositoryConfigurationDelegate [RepositoryConfigurationDelegate.java:201] Finished Spring Data repository scanning in 149 ms. Found 3 JPA repository interfaces.
2021-05-09 23:08:52,609 INFO  LogHelper [LogHelper.java:31] HHH000204: Processing PersistenceUnitInfo [name: default]
2021-05-09 23:08:52,661 INFO  Version [Version.java:44] HHH000412: Hibernate ORM core version 5.4.28.Final
2021-05-09 23:08:52,777 INFO  Version [JavaReflectionManager.java:56] HCANN000001: Hibernate Commons Annotations {5.1.2.Final}
2021-05-09 23:08:53,508 INFO  Dialect [Dialect.java:175] HHH000400: Using dialect: org.hibernate.dialect.HSQLDialect
2021-05-09 23:08:53,785 ERROR LocalContainerEntityManagerFactoryBean [AbstractEntityManagerFactoryBean.java:426] Failed to initialize JPA EntityManagerFactory: Collections having FK in secondary table
2021-05-09 23:08:53,786 WARN  GenericXmlApplicationContext [AbstractApplicationContext.java:591] Exception encountered during context initialization - cancelling refresh attempt: org.springframework.beans.factory.BeanCreationException: Error creating bean with name 'entityManagerFactory' defined in class path resource [spring/spring-db.xml]: Invocation of init method failed; nested exception is org.hibernate.cfg.NotYetImplementedException: Collections having FK in secondary table
2021-05-09 23:12:36,365 INFO  RepositoryConfigurationDelegate [RepositoryConfigurationDelegate.java:132] Bootstrapping Spring Data JPA repositories in DEFAULT mode.
2021-05-09 23:12:36,627 INFO  RepositoryConfigurationDelegate [RepositoryConfigurationDelegate.java:201] Finished Spring Data repository scanning in 199 ms. Found 3 JPA repository interfaces.
2021-05-09 23:12:37,021 INFO  LogHelper [LogHelper.java:31] HHH000204: Processing PersistenceUnitInfo [name: default]
2021-05-09 23:12:37,064 INFO  Version [Version.java:44] HHH000412: Hibernate ORM core version 5.4.28.Final
2021-05-09 23:12:37,176 INFO  Version [JavaReflectionManager.java:56] HCANN000001: Hibernate Commons Annotations {5.1.2.Final}
2021-05-09 23:12:37,826 INFO  Dialect [Dialect.java:175] HHH000400: Using dialect: org.hibernate.dialect.HSQLDialect
2021-05-09 23:12:38,547 INFO  JtaPlatformInitiator [JtaPlatformInitiator.java:52] HHH000490: Using JtaPlatform implementation: [org.hibernate.engine.transaction.jta.platform.internal.NoJtaPlatform]
2021-05-09 23:12:38,556 INFO  LocalContainerEntityManagerFactoryBean [AbstractEntityManagerFactoryBean.java:437] Initialized JPA EntityManagerFactory for persistence unit 'default'
2021-05-09 23:12:39,355 INFO  LocalContainerEntityManagerFactoryBean [AbstractEntityManagerFactoryBean.java:651] Closing JPA EntityManagerFactory for persistence unit 'default'
2021-05-09 23:22:05,950 INFO  RepositoryConfigurationDelegate [RepositoryConfigurationDelegate.java:132] Bootstrapping Spring Data JPA repositories in DEFAULT mode.
2021-05-09 23:22:06,176 INFO  RepositoryConfigurationDelegate [RepositoryConfigurationDelegate.java:201] Finished Spring Data repository scanning in 188 ms. Found 4 JPA repository interfaces.
2021-05-09 23:22:06,569 INFO  LogHelper [LogHelper.java:31] HHH000204: Processing PersistenceUnitInfo [name: default]
2021-05-09 23:22:06,626 INFO  Version [Version.java:44] HHH000412: Hibernate ORM core version 5.4.28.Final
2021-05-09 23:22:06,771 INFO  Version [JavaReflectionManager.java:56] HCANN000001: Hibernate Commons Annotations {5.1.2.Final}
2021-05-09 23:22:07,511 INFO  Dialect [Dialect.java:175] HHH000400: Using dialect: org.hibernate.dialect.HSQLDialect
2021-05-09 23:22:08,255 INFO  JtaPlatformInitiator [JtaPlatformInitiator.java:52] HHH000490: Using JtaPlatform implementation: [org.hibernate.engine.transaction.jta.platform.internal.NoJtaPlatform]
2021-05-09 23:22:08,261 INFO  LocalContainerEntityManagerFactoryBean [AbstractEntityManagerFactoryBean.java:437] Initialized JPA EntityManagerFactory for persistence unit 'default'
2021-05-09 23:22:09,018 WARN  GenericXmlApplicationContext [AbstractApplicationContext.java:591] Exception encountered during context initialization - cancelling refresh attempt: org.springframework.beans.factory.UnsatisfiedDependencyException: Error creating bean with name 'voteDataJpa' defined in file [/home/simonov/IdeaProjects/foodcourt/target/classes/repository/datajpa/mealImpl/VoteDataJpa.class]: Unsatisfied dependency expressed through constructor parameter 0; nested exception is org.springframework.beans.factory.BeanCreationException: Error creating bean with name 'crudVoteRepository' defined in repository.datajpa.mealImpl.CrudVoteRepository defined in : Invocation of init method failed; nested exception is org.springframework.data.repository.query.QueryCreationException: Could not create query for public abstract model.Vote repository.datajpa.mealImpl.CrudVoteRepository.findVoteByDateAndUser(java.time.LocalDate,int)! Reason: Either use @Param on all parameters except Pageable and Sort typed once, or none at all!; nested exception is java.lang.IllegalArgumentException: Either use @Param on all parameters except Pageable and Sort typed once, or none at all!
2021-05-09 23:22:09,021 INFO  LocalContainerEntityManagerFactoryBean [AbstractEntityManagerFactoryBean.java:651] Closing JPA EntityManagerFactory for persistence unit 'default'
2021-05-09 23:24:17,926 INFO  RepositoryConfigurationDelegate [RepositoryConfigurationDelegate.java:132] Bootstrapping Spring Data JPA repositories in DEFAULT mode.
2021-05-09 23:24:18,149 INFO  RepositoryConfigurationDelegate [RepositoryConfigurationDelegate.java:201] Finished Spring Data repository scanning in 184 ms. Found 4 JPA repository interfaces.
2021-05-09 23:24:18,508 INFO  LogHelper [LogHelper.java:31] HHH000204: Processing PersistenceUnitInfo [name: default]
2021-05-09 23:24:18,556 INFO  Version [Version.java:44] HHH000412: Hibernate ORM core version 5.4.28.Final
2021-05-09 23:24:18,660 INFO  Version [JavaReflectionManager.java:56] HCANN000001: Hibernate Commons Annotations {5.1.2.Final}
2021-05-09 23:24:19,329 INFO  Dialect [Dialect.java:175] HHH000400: Using dialect: org.hibernate.dialect.HSQLDialect
2021-05-09 23:24:20,014 INFO  JtaPlatformInitiator [JtaPlatformInitiator.java:52] HHH000490: Using JtaPlatform implementation: [org.hibernate.engine.transaction.jta.platform.internal.NoJtaPlatform]
2021-05-09 23:24:20,022 INFO  LocalContainerEntityManagerFactoryBean [AbstractEntityManagerFactoryBean.java:437] Initialized JPA EntityManagerFactory for persistence unit 'default'
2021-05-09 23:24:20,916 INFO  LocalContainerEntityManagerFactoryBean [AbstractEntityManagerFactoryBean.java:651] Closing JPA EntityManagerFactory for persistence unit 'default'
